<?xml version="1.0" encoding="UTF-8"?>
<!-- Generated by org.testng.reporters.JUnitReportReporter -->
<testsuite hostname="LAPTOP-4C1CTOAL" failures="0" tests="2" name="test_Cases.TC_HRM001" time="27.060" errors="0" timestamp="2024-10-13T14:08:26 IST" skipped="0">
  <testcase classname="test_Cases.TC_HRM001" name="login" time="10.488"/>
  <testcase classname="test_Cases.TC_HRM001" name="login" time="16.572"/>
</testsuite> <!-- test_Cases.TC_HRM001 -->
