<?xml version="1.0" encoding="UTF-8"?>
<!-- Generated by org.testng.reporters.JUnitReportReporter -->
<testsuite hostname="LAPTOP-4C1CTOAL" failures="0" tests="2" name="test_Cases.Leave.LeaveListTest" time="23.169" errors="0" timestamp="2024-10-21T15:29:33 IST" skipped="1">
  <testcase classname="test_Cases.Leave.LeaveListTest" name="testLeaveListPageWithRecords" time="23.169"/>
  <testcase classname="test_Cases.Leave.LeaveListTest" name="testLeaveListPageWithNoRecords">
    <skipped/>
  </testcase> <!-- testLeaveListPageWithNoRecords -->
</testsuite> <!-- test_Cases.Leave.LeaveListTest -->
