<?xml version="1.0" encoding="UTF-8"?>
<!-- Generated by org.testng.reporters.JUnitReportReporter -->
<testsuite hostname="LAPTOP-4C1CTOAL" failures="0" tests="1" name="test_Cases.Leave.LeaveList_TC_HRM001" time="11.578" errors="0" timestamp="2024-10-13T18:43:03 IST" skipped="0">
  <testcase classname="test_Cases.Leave.LeaveList_TC_HRM001" name="testLeaveListPageWithNoRecords" time="11.578"/>
</testsuite> <!-- test_Cases.Leave.LeaveList_TC_HRM001 -->
