<?xml version="1.0" encoding="UTF-8"?>
<!-- Generated by org.testng.reporters.JUnitReportReporter -->
<testsuite hostname="LAPTOP-4C1CTOAL" failures="0" tests="1" name="test_Cases.Leave.LeaveList_TC_Leave_001" time="22.570" errors="0" timestamp="2024-10-16T20:34:48 IST" skipped="0">
  <testcase classname="test_Cases.Leave.LeaveList_TC_Leave_001" name="testLeaveListPageWithNoRecords" time="22.570"/>
</testsuite> <!-- test_Cases.Leave.LeaveList_TC_Leave_001 -->
